<?xml version="1.0" encoding="UTF-8"?>
<!-- Generated by org.testng.reporters.JUnitXMLReporter -->
<testsuite ignored="1" hostname="LAPTOP-P3PTTN41" failures="0" tests="1" name="Test" time="26.066" errors="0" timestamp="2022-10-07T01:48:06 IST">
  <testcase classname="org.makeMyTrip.tests.HotelsPageTest" name="validateSelectHotelCity" time="3.882"/>
  <testcase classname="org.makeMyTrip.tests.HotelsPageTest" name="validateHotelsPageLanding" time="0.0">
    <ignored/>
  </testcase> <!-- validateHotelsPageLanding -->
</testsuite> <!-- Test -->
