<?xml version="1.0" encoding="UTF-8"?>
<!-- Generated by org.testng.reporters.JUnitXMLReporter -->
<testsuite ignored="1" hostname="LAPTOP-P3PTTN41" failures="0" tests="1" name="Test" time="25.919" errors="0" timestamp="2022-10-07T22:17:09 IST">
  <testcase classname="org.makeMyTrip.tests.HotelsPageTest" name="validateSelectHotelCity" time="6.645"/>
  <testcase classname="org.makeMyTrip.tests.HotelsPageTest" name="validateHotelsPageLanding" time="0.0">
    <ignored/>
  </testcase> <!-- validateHotelsPageLanding -->
</testsuite> <!-- Test -->
