<?xml version="1.0" encoding="UTF-8"?>
<testng-results ignored="1" total="2" passed="1" failed="0" skipped="0">
  <reporter-output>
  </reporter-output>
  <suite started-at="2022-10-07T22:16:43 IST" name="Suite" finished-at="2022-10-07T22:17:09 IST" duration-ms="25919">
    <groups>
    </groups>
    <test started-at="2022-10-07T22:16:43 IST" name="Test" finished-at="2022-10-07T22:17:09 IST" duration-ms="25919">
      <class name="org.makeMyTrip.tests.HotelsPageTest">
        <test-method is-config="true" signature="setUp()[pri:0, instance:org.makeMyTrip.tests.HotelsPageTest@7c711375]" started-at="2022-10-07T22:16:43 IST" name="setUp" finished-at="2022-10-07T22:17:02 IST" duration-ms="18981" status="PASS">
          <reporter-output>
          </reporter-output>
        </test-method> <!-- setUp -->
        <test-method signature="validateSelectHotelCity()[pri:0, instance:org.makeMyTrip.tests.HotelsPageTest@7c711375]" started-at="2022-10-07T22:17:02 IST" name="validateSelectHotelCity" finished-at="2022-10-07T22:17:08 IST" duration-ms="6645" status="PASS">
          <reporter-output>
          </reporter-output>
        </test-method> <!-- validateSelectHotelCity -->
        <test-method is-config="true" signature="tearDown()[pri:0, instance:org.makeMyTrip.tests.HotelsPageTest@7c711375]" started-at="2022-10-07T22:17:08 IST" name="tearDown" finished-at="2022-10-07T22:17:09 IST" duration-ms="270" status="PASS">
          <reporter-output>
          </reporter-output>
        </test-method> <!-- tearDown -->
      </class> <!-- org.makeMyTrip.tests.HotelsPageTest -->
    </test> <!-- Test -->
  </suite> <!-- Suite -->
</testng-results>
